This is pdfTeX, Version 3.14159265-2.6-1.40.21 (MiKTeX 2.9.7380 64-bit) (preloaded format=pdflatex 2020.4.10)  2 NOV 2020 11:08
entering extended mode
**e:/projects/Komvux/KomvuxMatte/U1/Ma4_U1_Emil_Svenberg.tex
(e:/projects/Komvux/KomvuxMatte/U1/Ma4_U1_Emil_Svenberg.tex
LaTeX2e <2020-02-02> patch level 5
L3 programming layer <2020-04-06> (E:\Filer\LATEx\Compiler\tex/latex/base\article.cls
Document Class: article 2019/12/20 v1.4l Standard LaTeX document class
(E:\Filer\LATEx\Compiler\tex/latex/base\size12.clo
File: size12.clo 2019/12/20 v1.4l Standard LaTeX file (size option)
)
\c@part=\count167
\c@section=\count168
\c@subsection=\count169
\c@subsubsection=\count170
\c@paragraph=\count171
\c@subparagraph=\count172
\c@figure=\count173
\c@table=\count174
\abovecaptionskip=\skip47
\belowcaptionskip=\skip48
\bibindent=\dimen134
) (E:\Filer\LATEx\Compiler\tex/latex/graphics\graphicx.sty
Package: graphicx 2019/11/30 v1.2a Enhanced LaTeX Graphics (DPC,SPQR)
 (E:\Filer\LATEx\Compiler\tex/latex/graphics\keyval.sty
Package: keyval 2014/10/28 v1.15 key=value parser (DPC)
\KV@toks@=\toks15
) (E:\Filer\LATEx\Compiler\tex/latex/graphics\graphics.sty
Package: graphics 2019/11/30 v1.4a Standard LaTeX Graphics (DPC,SPQR)
 (E:\Filer\LATEx\Compiler\tex/latex/graphics\trig.sty
Package: trig 2016/01/03 v1.10 sin cos tan (DPC)
) (E:\Filer\LATEx\Compiler\tex/latex/graphics-cfg\graphics.cfg
File: graphics.cfg 2016/06/04 v1.11 sample graphics configuration
)
Package graphics Info: Driver file: pdftex.def on input line 105.
 (E:\Filer\LATEx\Compiler\tex/latex/graphics-def\pdftex.def
File: pdftex.def 2018/01/08 v1.0l Graphics/color driver for pdftex
))
\Gin@req@height=\dimen135
\Gin@req@width=\dimen136
) (E:\Filer\LATEx\Compiler\tex/latex/l3backend\l3backend-pdfmode.def
File: l3backend-pdfmode.def 2020-03-12 L3 backend support: PDF mode
\l__kernel_color_stack_int=\count175
\l__pdf_internal_box=\box45
) (e:/projects\Komvux\KomvuxMatte\U1\Ma4_U1_Emil_Svenberg.aux)
\openout1 = `Ma4_U1_Emil_Svenberg.aux'.

LaTeX Font Info:    Checking defaults for OML/cmm/m/it on input line 6.
LaTeX Font Info:    ... okay on input line 6.
LaTeX Font Info:    Checking defaults for OMS/cmsy/m/n on input line 6.
LaTeX Font Info:    ... okay on input line 6.
LaTeX Font Info:    Checking defaults for OT1/cmr/m/n on input line 6.
LaTeX Font Info:    ... okay on input line 6.
LaTeX Font Info:    Checking defaults for T1/cmr/m/n on input line 6.
LaTeX Font Info:    ... okay on input line 6.
LaTeX Font Info:    Checking defaults for TS1/cmr/m/n on input line 6.
LaTeX Font Info:    ... okay on input line 6.
LaTeX Font Info:    Checking defaults for OMX/cmex/m/n on input line 6.
LaTeX Font Info:    ... okay on input line 6.
LaTeX Font Info:    Checking defaults for U/cmr/m/n on input line 6.
LaTeX Font Info:    ... okay on input line 6.
 (E:\Filer\LATEx\Compiler\tex/context/base/mkii\supp-pdf.mkii
[Loading MPS to PDF converter (version 2006.09.02).]
\scratchcounter=\count176
\scratchdimen=\dimen137
\scratchbox=\box46
\nofMPsegments=\count177
\nofMParguments=\count178
\everyMPshowfont=\toks16
\MPscratchCnt=\count179
\MPscratchDim=\dimen138
\MPnumerator=\count180
\makeMPintoPDFobject=\count181
\everyMPtoPDFconversion=\toks17
) (E:\Filer\LATEx\Compiler\tex/latex/epstopdf-pkg\epstopdf-base.sty
Package: epstopdf-base 2020-01-24 v2.11 Base part for package epstopdf
Package epstopdf-base Info: Redefining graphics rule for `.eps' on input line 485.
)
LaTeX Font Info:    External font `cmex10' loaded for size
(Font)              <12> on input line 8.
LaTeX Font Info:    External font `cmex10' loaded for size
(Font)              <8> on input line 8.
LaTeX Font Info:    External font `cmex10' loaded for size
(Font)              <6> on input line 8.
<Figur1.png, id=1, 636.12656pt x 596.98032pt>
File: Figur1.png Graphic file (type png)
<use Figur1.png>
Package pdftex.def Info: Figur1.png  used on input line 17.
(pdftex.def)             Requested size: 286.2543pt x 268.63866pt.
<Figur2.png, id=2, 643.6547pt x 327.47343pt>
File: Figur2.png Graphic file (type png)
<use Figur2.png>
Package pdftex.def Info: Figur2.png  used on input line 35.
(pdftex.def)             Requested size: 321.82655pt x 163.73631pt.
 [1

{C:/Users/Emil/AppData/Local/MiKTeX/2.9/pdftex/config/pdftex.map} <e:/projects/Komvux/KomvuxMatte/U1/Figur1.png>]
<Figur3.png, id=13, 554.07pt x 467.49657pt>
File: Figur3.png Graphic file (type png)
<use Figur3.png>
Package pdftex.def Info: Figur3.png  used on input line 43.
(pdftex.def)             Requested size: 277.03432pt x 233.74771pt.
 [2 <e:/projects/Komvux/KomvuxMatte/U1/Figur2.png> <e:/projects/Komvux/KomvuxMatte/U1/Figur3.png>] (e:/projects\Komvux\KomvuxMatte\U1\Ma4_U1_Emil_Svenberg.aux) ) 
Here is how much of TeX's memory you used:
 1172 strings out of 480930
 17224 string characters out of 2911446
 252931 words of memory out of 3000000
 17078 multiletter control sequences out of 15000+200000
 536002 words of font info for 36 fonts, out of 3000000 for 9000
 1141 hyphenation exceptions out of 8191
 30i,5n,25p,247b,260s stack positions out of 5000i,500n,10000p,200000b,50000s
<E:/Filer/LATEx/Compiler/fonts/type1/public/amsfonts/cm/cmbx12.pfb><E:/Filer/LATEx/Compiler/fonts/type1/public/amsfonts/cm/cmmi12.pfb><E:/Filer/LATEx/Compiler/fonts/type1/public/amsfonts/cm/cmmi8.pfb><E:/Filer/LATEx/Compiler/fonts/type1/public/amsfonts/cm/cmr12.pfb><E:/Filer/LATEx/Compiler/fonts/type1/public/amsfonts/cm/cmr8.pfb><E:/Filer/LATEx/Compiler/fonts/type1/public/amsfonts/cm/cmsy10.pfb><E:/Filer/LATEx/Compiler/fonts/type1/public/amsfonts/cm/cmsy8.pfb>
Output written on e:/projects\Komvux\KomvuxMatte\U1\Ma4_U1_Emil_Svenberg.pdf (2 pages, 148141 bytes).
PDF statistics:
 40 PDF objects out of 1000 (max. 8388607)
 0 named destinations out of 1000 (max. 500000)
 16 words of extra memory for PDF output out of 10000 (max. 10000000)

